2025-03-14 10:54:04,875 - INFO - Обработчик команды /start зарегистрирован
2025-03-14 10:54:04,876 - INFO - Обработчик команды /help зарегистрирован
2025-03-14 10:54:04,877 - INFO - Обработчик команды /commands зарегистрирован
2025-03-14 10:54:04,878 - INFO - Обработчик команды /catalog зарегистрирован
2025-03-14 10:54:04,878 - INFO - Обработчик выбора категории зарегистрирован
2025-03-14 10:54:04,879 - INFO - Обработчик выбора товара зарегистрирован
2025-03-14 10:54:04,880 - INFO - Обработчик кнопки 'Назад' зарегистрирован
2025-03-14 10:54:04,880 - INFO - Обработчик команды /update зарегистрирован
2025-03-14 10:54:04,882 - INFO - Обработчик обновления данных зарегистрирован
2025-03-14 10:54:04,883 - INFO - Обработчик удаления данных зарегистрирован
2025-03-14 10:54:04,884 - INFO - Обработчик выбора действия (подтверждение удаления) зарегистрирован
2025-03-14 10:54:04,885 - INFO - Обработчик получения e-mail зарегистрирован
2025-03-14 10:54:04,886 - INFO - Обработчик получения телефона зарегистрирован
2025-03-14 10:54:04,887 - INFO - Обработчик просмотра товаров в корзине зарегистрирован
2025-03-14 10:54:04,890 - INFO - Обработчик добавления товара в корзину зарегистрирован
2025-03-14 10:54:04,893 - INFO - Обработчик удаления товаров из корзины зарегистрирован
2025-03-14 10:54:04,897 - INFO - Обработчик очистки корзины зарегистрирован
2025-03-14 10:54:04,900 - INFO - Запуск бота...
2025-03-14 10:54:05,282 - INFO - Bot: ShopBot [@BestBuyHelperBot]
2025-03-14 10:54:05,283 - INFO - Start polling.
2025-03-14 10:54:08,749 - INFO - Stop polling...
2025-03-14 10:54:08,750 - WARNING - Goodbye!
